-------------------------------------------------------------------------------
Test set: CourierCreationTest
-------------------------------------------------------------------------------
Tests run: 3, Failures: 1, Errors: 0, Skipped: 0, Time elapsed: 10.262 s <<< FAILURE! - in CourierCreationTest
existingCourierCreationFails(CourierCreationTest)  Time elapsed: 1.9 s  <<< FAILURE!
org.junit.ComparisonFailure: expected:<...гин уже используется[]> but was:<...гин уже используется[. Попробуйте другой.]>
	at CourierCreationTest.existingCourierCreationFails(CourierCreationTest.java:91)

