-------------------------------------------------------------------------------
Test set: CourierLoginFailsParametrizedTest
-------------------------------------------------------------------------------
Tests run: 4, Failures: 1, Errors: 0, Skipped: 0, Time elapsed: 61.84 s <<< FAILURE! - in CourierLoginFailsParametrizedTest
checkResultOnFailedCourierLogin[3](CourierLoginFailsParametrizedTest)  Time elapsed: 60.446 s  <<< FAILURE!
java.lang.AssertionError: expected:<400> but was:<504>
	at CourierLoginFailsParametrizedTest.checkResultOnFailedCourierLogin(CourierLoginFailsParametrizedTest.java:49)

